2024-07-31 09:18:34.949 [info] Log level: Info
2024-07-31 09:18:34.949 [info] Validating found git in: "git"
2024-07-31 09:18:34.949 [info] Using git "2.45.2" from "git"
2024-07-31 09:18:34.949 [info] > git rev-parse --show-toplevel [20ms]
2024-07-31 09:18:34.949 [info] fatal: not a git repository (or any parent up to mount point /)
Stopping at filesystem boundary (GIT_DISCOVERY_ACROSS_FILESYSTEM not set).
2024-08-01 11:06:21.313 [info] > git rev-parse --show-toplevel [4ms]
2024-08-01 11:06:21.313 [info] fatal: not a git repository (or any parent up to mount point /)
Stopping at filesystem boundary (GIT_DISCOVERY_ACROSS_FILESYSTEM not set).
2024-08-01 11:29:53.197 [info] > git rev-parse --show-toplevel [17ms]
2024-08-01 11:29:53.197 [info] fatal: not a git repository (or any parent up to mount point /)
Stopping at filesystem boundary (GIT_DISCOVERY_ACROSS_FILESYSTEM not set).
2024-08-01 11:33:11.026 [info] > git rev-parse --show-toplevel [7ms]
2024-08-01 11:33:11.026 [info] fatal: not a git repository (or any parent up to mount point /)
Stopping at filesystem boundary (GIT_DISCOVERY_ACROSS_FILESYSTEM not set).
2024-08-01 11:33:39.760 [info] > git rev-parse --show-toplevel [2ms]
2024-08-01 11:33:39.760 [info] fatal: not a git repository (or any parent up to mount point /)
Stopping at filesystem boundary (GIT_DISCOVERY_ACROSS_FILESYSTEM not set).
2024-08-01 11:33:42.679 [info] > git rev-parse --show-toplevel [0ms]
2024-08-01 11:33:42.679 [info] fatal: not a git repository (or any parent up to mount point /)
Stopping at filesystem boundary (GIT_DISCOVERY_ACROSS_FILESYSTEM not set).
2024-08-01 11:38:08.916 [info] > git rev-parse --show-toplevel [7ms]
2024-08-01 11:38:08.924 [info] fatal: not a git repository (or any parent up to mount point /)
Stopping at filesystem boundary (GIT_DISCOVERY_ACROSS_FILESYSTEM not set).
