[22:48:08.152][info] [#0:/home/user-j/.local/share/nvim/mason/packages/lua-language-server/libexec/main.lua:68]: Lua Lsp startup, root: 	/home/user-j/.local/share/nvim/mason/packages/lua-language-server/libexec
[22:48:08.152][info] [#0:/home/user-j/.local/share/nvim/mason/packages/lua-language-server/libexec/main.lua:69]: ROOT:	/home/user-j/.local/share/nvim/mason/packages/lua-language-server/libexec
[22:48:08.152][info] [#0:/home/user-j/.local/share/nvim/mason/packages/lua-language-server/libexec/main.lua:70]: LOGPATH:	/home/user-j/.local/share/nvim/mason/packages/lua-language-server/libexec/log
[22:48:08.152][info] [#0:/home/user-j/.local/share/nvim/mason/packages/lua-language-server/libexec/main.lua:71]: METAPATH:	/home/user-j/.local/share/nvim/mason/packages/lua-language-server/libexec/meta
[22:48:08.153][info] [#0:/home/user-j/.local/share/nvim/mason/packages/lua-language-server/libexec/main.lua:72]: VERSION:	3.10.1
[22:48:08.279][info] [#0:script/proto/proto.lua:234]: Listen Mode: stdio
[22:48:08.279][info] [#0:script/service/service.lua:145]: 
========= Medical Examination Report =========
    --------------- Memory ---------------
        Total: 2.228 MB
        # 00 : 2.228 MB
        # 01 : 0.000 MB
        # 02 : 0.000 MB
        # 03 : 0.000 MB
        # 04 : 0.000 MB
    --------------- Coroutine ---------------
        Total:     0
        Running:   0
        Suspended: 0
        Normal:    0
        Dead:      0
    --------------- Cache ---------------
        Total: 1
        Dead:  0
    ---------------  RPC  ---------------
        Holdon:   0
        Waiting:  0
==============================================
[22:48:08.288][info] [#0:script/client.lua:657]: Client init	{
  capabilities = {
    general = {
      positionEncodings = { "utf-16" }
    },
    textDocument = {
      callHierarchy = {
        dynamicRegistration = false
      },
      codeAction = {
        codeActionLiteralSupport = {
          codeActionKind = {
            valueSet = { "", "quickfix", "refactor", "refactor.extract", "refactor.inline", "refactor.rewrite", "source", "source.organizeImports" }
          }
        },
        dataSupport = true,
        dynamicRegistration = true,
        isPreferredSupport = true,
        resolveSupport = {
          properties = { "edit" }
        }
      },
      completion = {
        completionItem = {
          commitCharactersSupport = true,
          deprecatedSupport = true,
          documentationFormat = { "markdown", "plaintext" },
          insertReplaceSupport = true,
          insertTextModeSupport = {
            valueSet = { 1, 2 }
          },
          labelDetailsSupport = true,
          preselectSupport = true,
          resolveSupport = {
            properties = { "documentation", "detail", "additionalTextEdits", "sortText", "filterText", "insertText", "textEdit", "insertTextFormat", "insertTextMode" }
          },
          snippetSupport = true,
          tagSupport = {
            valueSet = { 1 }
          }
        },
        completionItemKind = {
          valueSet = { 1, 2, 3, 4, 5, 6, 7, 8, 9, 10, 11, 12, 13, 14, 15, 16, 17, 18, 19, 20, 21, 22, 23, 24, 25 }
        },
        completionList = {
          itemDefaults = { "commitCharacters", "editRange", "insertTextFormat", "insertTextMode", "data" }
        },
        contextSupport = true,
        dynamicRegistration = false,
        insertTextMode = 1
      },
      declaration = {
        linkSupport = true
      },
      definition = {
        dynamicRegistration = true,
        linkSupport = true
      },
      diagnostic = {
        dynamicRegistration = false
      },
      documentHighlight = {
        dynamicRegistration = false
      },
      documentSymbol = {
        dynamicRegistration = false,
        hierarchicalDocumentSymbolSupport = true,
        symbolKind = {
          valueSet = { 1, 2, 3, 4, 5, 6, 7, 8, 9, 10, 11, 12, 13, 14, 15, 16, 17, 18, 19, 20, 21, 22, 23, 24, 25, 26 }
        }
      },
      formatting = {
        dynamicRegistration = true
      },
      hover = {
        contentFormat = { "markdown", "plaintext" },
        dynamicRegistration = true
      },
      implementation = {
        linkSupport = true
      },
      inlayHint = {
        dynamicRegistration = true,
        resolveSupport = {
          properties = { "textEdits", "tooltip", "location", "command" }
        }
      },
      publishDiagnostics = {
        dataSupport = true,
        relatedInformation = true,
        tagSupport = {
          valueSet = { 1, 2 }
        }
      },
      rangeFormatting = {
        dynamicRegistration = true,
        rangesSupport = true
      },
      references = {
        dynamicRegistration = false
      },
      rename = {
        dynamicRegistration = true,
        prepareSupport = true
      },
      semanticTokens = {
        augmentsSyntaxTokens = true,
        dynamicRegistration = false,
        formats = { "relative" },
        multilineTokenSupport = false,
        overlappingTokenSupport = true,
        requests = {
          full = {
            delta = true
          },
          range = false
        },
        serverCancelSupport = false,
        tokenModifiers = { "declaration", "definition", "readonly", "static", "deprecated", "abstract", "async", "modification", "documentation", "defaultLibrary" },
        tokenTypes = { "namespace", "type", "class", "enum", "interface", "struct", "typeParameter", "parameter", "variable", "property", "enumMember", "event", "function", "method", "macro", "keyword", "modifier", "comment", "string", "number", "regexp", "operator", "decorator" }
      },
      signatureHelp = {
        dynamicRegistration = false,
        signatureInformation = {
          activeParameterSupport = true,
          documentationFormat = { "markdown", "plaintext" },
          parameterInformation = {
            labelOffsetSupport = true
          }
        }
      },
      synchronization = {
        didSave = true,
        dynamicRegistration = false,
        willSave = true,
        willSaveWaitUntil = true
      },
      typeDefinition = {
        linkSupport = true
      }
    },
    window = {
      showDocument = {
        support = true
      },
      showMessage = {
        messageActionItem = {
          additionalPropertiesSupport = false
        }
      },
      workDoneProgress = true
    },
    workspace = {
      applyEdit = true,
      configuration = true,
      didChangeConfiguration = {
        dynamicRegistration = false
      },
      didChangeWatchedFiles = {
        dynamicRegistration = false,
        relativePatternSupport = true
      },
      inlayHint = {
        refreshSupport = true
      },
      semanticTokens = {
        refreshSupport = true
      },
      symbol = {
        dynamicRegistration = false,
        symbolKind = {
          valueSet = { 1, 2, 3, 4, 5, 6, 7, 8, 9, 10, 11, 12, 13, 14, 15, 16, 17, 18, 19, 20, 21, 22, 23, 24, 25, 26 }
        }
      },
      workspaceEdit = {
        resourceOperations = { "rename", "create", "delete" }
      },
      workspaceFolders = true
    }
  },
  clientInfo = {
    name = "Neovim",
    version = "0.11.0-dev+g2b4049719"
  },
  initializationOptions = {},
  processId = 28535,
  rootPath = "/home/user-j/init.lua",
  rootUri = "file:///home/user-j/init.lua",
  trace = "off",
  workDoneToken = "1",
  workspaceFolders = { {
      name = "/home/user-j/init.lua",
      uri = "file:///home/user-j/init.lua"
    } }
}
[22:48:08.288][info] [#0:script/language.lua:137]: VSC language: nil
[22:48:08.288][info] [#0:script/language.lua:138]: LS  language: en-us
[22:48:08.288][info] [#0:script/workspace/workspace.lua:38]: Workspace init root: 	file:///home/user-j/init.lua
[22:48:08.288][info] [#0:script/workspace/workspace.lua:42]: Log path: 	/home/user-j/.local/share/nvim/mason/packages/lua-language-server/libexec/log/file_home_user-j_init.lua.log
[22:48:08.288][info] [#0:script/workspace/workspace.lua:48]: Workspace create: 	file:///home/user-j/init.lua
[22:48:08.397][info] [#0:script/provider/provider.lua:46]: Load config from client	file:///home/user-j/init.lua
[22:48:08.397][info] [#0:script/provider/provider.lua:47]: {
  Lua = {
    diagnostics = {
      globals = { "bit", "vim", "it", "describe", "before_each", "after_each" }
    },
    runtime = {
      version = "Lua 5.1"
    }
  }
}
[22:48:08.397][info] [#0:script/provider/provider.lua:46]: Load config from client	file:///home/user-j/init.lua
[22:48:08.397][info] [#0:script/provider/provider.lua:47]: {
  Lua = {
    diagnostics = {
      globals = { "bit", "vim", "it", "describe", "before_each", "after_each" }
    },
    runtime = {
      version = "Lua 5.1"
    }
  }
}
[22:48:08.522][info] [#0:script/provider/provider.lua:61]: Load config from client	fallback
[22:48:08.522][info] [#0:script/provider/provider.lua:62]: {
  Lua = {
    diagnostics = {
      globals = { "bit", "vim", "it", "describe", "before_each", "after_each" }
    },
    runtime = {
      version = "Lua 5.1"
    }
  }
}
[22:48:08.522][info] [#0:script/provider/provider.lua:61]: Load config from client	fallback
[22:48:08.522][info] [#0:script/provider/provider.lua:62]: {
  Lua = {
    diagnostics = {
      globals = { "bit", "vim", "it", "describe", "before_each", "after_each" }
    },
    runtime = {
      version = "Lua 5.1"
    }
  }
}
[22:48:08.660][info] [#0:script/library.lua:212]: Init builtin library at:	file:///home/user-j/init.lua
[22:48:08.683][info] [#0:script/library.lua:212]: Init builtin library at:	nil
[22:48:08.800][info] [#0:script/workspace/workspace.lua:324]: Preload start:	file:///home/user-j/init.lua
[22:48:08.803][info] [#0:script/workspace/workspace.lua:330]: Scan files at:	file:///home/user-j/init.lua
[22:48:08.803][info] [#0:script/workspace/workspace.lua:324]: Preload start:	<fallback>
[22:48:08.804][info] [#0:script/workspace/workspace.lua:353]: Scan library at:	file:///home/user-j/.local/share/nvim/mason/packages/lua-language-server/libexec/meta/Lua%205.1%20en-us%20utf8/debug.lua
[22:48:08.805][info] [#0:script/workspace/workspace.lua:353]: Scan library at:	file:///home/user-j/.local/share/nvim/mason/packages/lua-language-server/libexec/meta/Lua%205.1%20en-us%20utf8/builtin.lua
[22:48:08.810][info] [#0:script/workspace/workspace.lua:353]: Scan library at:	file:///home/user-j/.local/share/nvim/mason/packages/lua-language-server/libexec/meta/Lua%205.1%20en-us%20utf8/os.lua
[22:48:08.817][info] [#0:script/workspace/workspace.lua:353]: Scan library at:	file:///home/user-j/.local/share/nvim/mason/packages/lua-language-server/libexec/meta/Lua%205.1%20en-us%20utf8/coroutine.lua
[22:48:08.823][info] [#0:script/workspace/workspace.lua:353]: Scan library at:	file:///home/user-j/.local/share/nvim/mason/packages/lua-language-server/libexec/meta/Lua%205.1%20en-us%20utf8/io.lua
[22:48:08.829][info] [#0:script/workspace/workspace.lua:353]: Scan library at:	file:///home/user-j/.local/share/nvim/mason/packages/lua-language-server/libexec/meta/Lua%205.1%20en-us%20utf8/table.lua
[22:48:08.833][info] [#0:script/workspace/workspace.lua:353]: Scan library at:	file:///home/user-j/.local/share/nvim/mason/packages/lua-language-server/libexec/meta/Lua%205.1%20en-us%20utf8/string.lua
[22:48:08.838][info] [#0:script/workspace/workspace.lua:353]: Scan library at:	file:///home/user-j/.local/share/nvim/mason/packages/lua-language-server/libexec/meta/Lua%205.1%20en-us%20utf8/basic.lua
[22:48:08.842][info] [#0:script/workspace/workspace.lua:353]: Scan library at:	file:///home/user-j/.local/share/nvim/mason/packages/lua-language-server/libexec/meta/Lua%205.1%20en-us%20utf8/math.lua
[22:48:08.846][info] [#0:script/workspace/workspace.lua:353]: Scan library at:	file:///home/user-j/.local/share/nvim/mason/packages/lua-language-server/libexec/meta/Lua%205.1%20en-us%20utf8/package.lua
[22:48:08.865][info] [#0:script/workspace/workspace.lua:353]: Scan library at:	file:///home/user-j/.local/share/nvim/mason/packages/lua-language-server/libexec/meta/Lua%205.1%20en-us%20utf8/debug.lua
[22:48:08.877][info] [#0:script/workspace/workspace.lua:353]: Scan library at:	file:///home/user-j/.local/share/nvim/mason/packages/lua-language-server/libexec/meta/Lua%205.1%20en-us%20utf8/builtin.lua
[22:48:08.878][info] [#0:script/workspace/workspace.lua:353]: Scan library at:	file:///home/user-j/.local/share/nvim/mason/packages/lua-language-server/libexec/meta/Lua%205.1%20en-us%20utf8/os.lua
[22:48:08.890][info] [#0:script/workspace/workspace.lua:353]: Scan library at:	file:///home/user-j/.local/share/nvim/mason/packages/lua-language-server/libexec/meta/Lua%205.1%20en-us%20utf8/coroutine.lua
[22:48:08.902][info] [#0:script/workspace/workspace.lua:353]: Scan library at:	file:///home/user-j/.local/share/nvim/mason/packages/lua-language-server/libexec/meta/Lua%205.1%20en-us%20utf8/io.lua
[22:48:08.914][info] [#0:script/workspace/workspace.lua:353]: Scan library at:	file:///home/user-j/.local/share/nvim/mason/packages/lua-language-server/libexec/meta/Lua%205.1%20en-us%20utf8/table.lua
[22:48:08.914][info] [#0:script/workspace/workspace.lua:353]: Scan library at:	file:///home/user-j/.local/share/nvim/mason/packages/lua-language-server/libexec/meta/Lua%205.1%20en-us%20utf8/string.lua
[22:48:08.916][info] [#0:script/workspace/workspace.lua:353]: Scan library at:	file:///home/user-j/.local/share/nvim/mason/packages/lua-language-server/libexec/meta/Lua%205.1%20en-us%20utf8/basic.lua
[22:48:08.927][info] [#0:script/workspace/workspace.lua:353]: Scan library at:	file:///home/user-j/.local/share/nvim/mason/packages/lua-language-server/libexec/meta/Lua%205.1%20en-us%20utf8/math.lua
[22:48:08.937][info] [#0:script/workspace/workspace.lua:353]: Scan library at:	file:///home/user-j/.local/share/nvim/mason/packages/lua-language-server/libexec/meta/Lua%205.1%20en-us%20utf8/package.lua
[22:48:08.948][info] [#0:script/workspace/workspace.lua:379]: Found 10 files at:	<fallback>
[22:48:08.948][info] [#0:script/workspace/loading.lua:161]: Load files from disk:	<fallback>
[22:48:08.949][info] [#0:script/workspace/loading.lua:101]: Preload file at: file:///home/user-j/.local/share/nvim/mason/packages/lua-language-server/libexec/meta/Lua%205.1%20en-us%20utf8/package.lua , size = 2.699 KB
[22:48:08.950][info] [#0:script/workspace/loading.lua:113]: ++++As library of:	file:///home/user-j/.local/share/nvim/mason/packages/lua-language-server/libexec/meta/Lua%205.1%20en-us%20utf8/package.lua
[22:48:08.959][info] [#0:script/workspace/loading.lua:101]: Preload file at: file:///home/user-j/.local/share/nvim/mason/packages/lua-language-server/libexec/meta/Lua%205.1%20en-us%20utf8/math.lua , size = 7.911 KB
[22:48:08.963][info] [#0:script/workspace/loading.lua:113]: ++++As library of:	file:///home/user-j/.local/share/nvim/mason/packages/lua-language-server/libexec/meta/Lua%205.1%20en-us%20utf8/math.lua
[22:48:08.967][info] [#0:script/workspace/loading.lua:101]: Preload file at: file:///home/user-j/.local/share/nvim/mason/packages/lua-language-server/libexec/meta/Lua%205.1%20en-us%20utf8/basic.lua , size = 14.849 KB
[22:48:08.973][info] [#0:script/workspace/loading.lua:113]: ++++As library of:	file:///home/user-j/.local/share/nvim/mason/packages/lua-language-server/libexec/meta/Lua%205.1%20en-us%20utf8/basic.lua
[22:48:08.974][info] [#0:script/workspace/loading.lua:101]: Preload file at: file:///home/user-j/.local/share/nvim/mason/packages/lua-language-server/libexec/meta/Lua%205.1%20en-us%20utf8/string.lua , size = 6.217 KB
[22:48:08.976][info] [#0:script/workspace/loading.lua:113]: ++++As library of:	file:///home/user-j/.local/share/nvim/mason/packages/lua-language-server/libexec/meta/Lua%205.1%20en-us%20utf8/string.lua
[22:48:08.984][info] [#0:script/workspace/loading.lua:101]: Preload file at: file:///home/user-j/.local/share/nvim/mason/packages/lua-language-server/libexec/meta/Lua%205.1%20en-us%20utf8/table.lua , size = 4.235 KB
[22:48:08.989][info] [#0:script/workspace/loading.lua:113]: ++++As library of:	file:///home/user-j/.local/share/nvim/mason/packages/lua-language-server/libexec/meta/Lua%205.1%20en-us%20utf8/table.lua
[22:48:08.990][info] [#0:script/workspace/loading.lua:101]: Preload file at: file:///home/user-j/.local/share/nvim/mason/packages/lua-language-server/libexec/meta/Lua%205.1%20en-us%20utf8/io.lua , size = 6.309 KB
[22:48:08.993][info] [#0:script/workspace/loading.lua:113]: ++++As library of:	file:///home/user-j/.local/share/nvim/mason/packages/lua-language-server/libexec/meta/Lua%205.1%20en-us%20utf8/io.lua
[22:48:08.995][info] [#0:script/workspace/loading.lua:101]: Preload file at: file:///home/user-j/.local/share/nvim/mason/packages/lua-language-server/libexec/meta/Lua%205.1%20en-us%20utf8/coroutine.lua , size = 2.541 KB
[22:48:08.997][info] [#0:script/workspace/loading.lua:113]: ++++As library of:	file:///home/user-j/.local/share/nvim/mason/packages/lua-language-server/libexec/meta/Lua%205.1%20en-us%20utf8/coroutine.lua
[22:48:08.997][info] [#0:script/workspace/loading.lua:101]: Preload file at: file:///home/user-j/.local/share/nvim/mason/packages/lua-language-server/libexec/meta/Lua%205.1%20en-us%20utf8/os.lua , size = 5.507 KB
[22:48:09.000][info] [#0:script/workspace/loading.lua:113]: ++++As library of:	file:///home/user-j/.local/share/nvim/mason/packages/lua-language-server/libexec/meta/Lua%205.1%20en-us%20utf8/os.lua
[22:48:09.001][info] [#0:script/workspace/loading.lua:101]: Preload file at: file:///home/user-j/.local/share/nvim/mason/packages/lua-language-server/libexec/meta/Lua%205.1%20en-us%20utf8/builtin.lua , size = 0.302 KB
[22:48:09.001][info] [#0:script/workspace/loading.lua:113]: ++++As library of:	file:///home/user-j/.local/share/nvim/mason/packages/lua-language-server/libexec/meta/Lua%205.1%20en-us%20utf8/builtin.lua
[22:48:09.002][info] [#0:script/workspace/loading.lua:101]: Preload file at: file:///home/user-j/.local/share/nvim/mason/packages/lua-language-server/libexec/meta/Lua%205.1%20en-us%20utf8/debug.lua , size = 6.691 KB
[22:48:09.005][info] [#0:script/workspace/loading.lua:113]: ++++As library of:	file:///home/user-j/.local/share/nvim/mason/packages/lua-language-server/libexec/meta/Lua%205.1%20en-us%20utf8/debug.lua
[22:48:09.005][info] [#0:script/workspace/loading.lua:173]: Loaded files takes [0.035] sec: <fallback>
[22:48:09.005][info] [#0:script/workspace/loading.lua:182]: Compile files takes [0.000] sec: <fallback>
[22:48:09.005][info] [#0:script/workspace/loading.lua:183]: Loaded finish:	<fallback>
[22:48:09.005][info] [#0:script/workspace/workspace.lua:381]: Preload finish at:	<fallback>
[22:48:09.114][info] [#0:script/workspace/workspace.lua:379]: Found 29 files at:	file:///home/user-j/init.lua
[22:48:09.114][info] [#0:script/workspace/loading.lua:161]: Load files from disk:	file:///home/user-j/init.lua
[22:48:09.114][info] [#0:script/workspace/loading.lua:89]: Skip loaded file: file:///home/user-j/.local/share/nvim/mason/packages/lua-language-server/libexec/meta/Lua%205.1%20en-us%20utf8/package.lua
[22:48:09.114][info] [#0:script/workspace/loading.lua:113]: ++++As library of:	file:///home/user-j/.local/share/nvim/mason/packages/lua-language-server/libexec/meta/Lua%205.1%20en-us%20utf8/package.lua
[22:48:09.114][info] [#0:script/workspace/loading.lua:89]: Skip loaded file: file:///home/user-j/.local/share/nvim/mason/packages/lua-language-server/libexec/meta/Lua%205.1%20en-us%20utf8/math.lua
[22:48:09.114][info] [#0:script/workspace/loading.lua:113]: ++++As library of:	file:///home/user-j/.local/share/nvim/mason/packages/lua-language-server/libexec/meta/Lua%205.1%20en-us%20utf8/math.lua
[22:48:09.114][info] [#0:script/workspace/loading.lua:89]: Skip loaded file: file:///home/user-j/.local/share/nvim/mason/packages/lua-language-server/libexec/meta/Lua%205.1%20en-us%20utf8/basic.lua
[22:48:09.114][info] [#0:script/workspace/loading.lua:113]: ++++As library of:	file:///home/user-j/.local/share/nvim/mason/packages/lua-language-server/libexec/meta/Lua%205.1%20en-us%20utf8/basic.lua
[22:48:09.116][info] [#0:script/workspace/loading.lua:89]: Skip loaded file: file:///home/user-j/.local/share/nvim/mason/packages/lua-language-server/libexec/meta/Lua%205.1%20en-us%20utf8/string.lua
[22:48:09.116][info] [#0:script/workspace/loading.lua:113]: ++++As library of:	file:///home/user-j/.local/share/nvim/mason/packages/lua-language-server/libexec/meta/Lua%205.1%20en-us%20utf8/string.lua
[22:48:09.118][info] [#0:script/workspace/loading.lua:89]: Skip loaded file: file:///home/user-j/.local/share/nvim/mason/packages/lua-language-server/libexec/meta/Lua%205.1%20en-us%20utf8/table.lua
[22:48:09.118][info] [#0:script/workspace/loading.lua:113]: ++++As library of:	file:///home/user-j/.local/share/nvim/mason/packages/lua-language-server/libexec/meta/Lua%205.1%20en-us%20utf8/table.lua
[22:48:09.119][info] [#0:script/workspace/loading.lua:89]: Skip loaded file: file:///home/user-j/.local/share/nvim/mason/packages/lua-language-server/libexec/meta/Lua%205.1%20en-us%20utf8/io.lua
[22:48:09.119][info] [#0:script/workspace/loading.lua:113]: ++++As library of:	file:///home/user-j/.local/share/nvim/mason/packages/lua-language-server/libexec/meta/Lua%205.1%20en-us%20utf8/io.lua
[22:48:09.120][info] [#0:script/workspace/loading.lua:89]: Skip loaded file: file:///home/user-j/.local/share/nvim/mason/packages/lua-language-server/libexec/meta/Lua%205.1%20en-us%20utf8/coroutine.lua
[22:48:09.120][info] [#0:script/workspace/loading.lua:113]: ++++As library of:	file:///home/user-j/.local/share/nvim/mason/packages/lua-language-server/libexec/meta/Lua%205.1%20en-us%20utf8/coroutine.lua
[22:48:09.121][info] [#0:script/workspace/loading.lua:89]: Skip loaded file: file:///home/user-j/.local/share/nvim/mason/packages/lua-language-server/libexec/meta/Lua%205.1%20en-us%20utf8/os.lua
[22:48:09.121][info] [#0:script/workspace/loading.lua:113]: ++++As library of:	file:///home/user-j/.local/share/nvim/mason/packages/lua-language-server/libexec/meta/Lua%205.1%20en-us%20utf8/os.lua
[22:48:09.122][info] [#0:script/workspace/loading.lua:89]: Skip loaded file: file:///home/user-j/.local/share/nvim/mason/packages/lua-language-server/libexec/meta/Lua%205.1%20en-us%20utf8/builtin.lua
[22:48:09.122][info] [#0:script/workspace/loading.lua:113]: ++++As library of:	file:///home/user-j/.local/share/nvim/mason/packages/lua-language-server/libexec/meta/Lua%205.1%20en-us%20utf8/builtin.lua
[22:48:09.124][info] [#0:script/workspace/loading.lua:89]: Skip loaded file: file:///home/user-j/.local/share/nvim/mason/packages/lua-language-server/libexec/meta/Lua%205.1%20en-us%20utf8/debug.lua
[22:48:09.124][info] [#0:script/workspace/loading.lua:113]: ++++As library of:	file:///home/user-j/.local/share/nvim/mason/packages/lua-language-server/libexec/meta/Lua%205.1%20en-us%20utf8/debug.lua
[22:48:09.125][info] [#0:script/workspace/loading.lua:101]: Preload file at: file:///home/user-j/init.lua/init.lua , size = 0.024 KB
[22:48:09.126][info] [#0:script/workspace/loading.lua:101]: Preload file at: file:///home/user-j/init.lua/lua/theprimeagen/init.lua , size = 2.077 KB
[22:48:09.132][info] [#0:script/workspace/loading.lua:101]: Preload file at: file:///home/user-j/init.lua/lua/theprimeagen/lazy/cloak.lua , size = 0.933 KB
[22:48:09.132][info] [#0:script/workspace/loading.lua:101]: Preload file at: file:///home/user-j/init.lua/lua/theprimeagen/lazy/colors.lua , size = 2.843 KB
[22:48:09.135][info] [#0:script/workspace/loading.lua:101]: Preload file at: file:///home/user-j/init.lua/lua/theprimeagen/lazy/fugitive.lua , size = 1.288 KB
[22:48:09.136][info] [#0:script/workspace/loading.lua:101]: Preload file at: file:///home/user-j/init.lua/lua/theprimeagen/lazy/init.lua , size = 0.121 KB
[22:48:09.136][info] [#0:script/workspace/loading.lua:101]: Preload file at: file:///home/user-j/init.lua/lua/theprimeagen/lazy/local.lua , size = 1.477 KB
[22:48:09.137][info] [#0:script/workspace/loading.lua:101]: Preload file at: file:///home/user-j/init.lua/lua/theprimeagen/lazy/lsp.lua , size = 3.576 KB
[22:48:09.139][info] [#0:script/workspace/loading.lua:101]: Preload file at: file:///home/user-j/init.lua/lua/theprimeagen/lazy/neotest.lua , size = 0.888 KB
[22:48:09.139][info] [#0:script/workspace/loading.lua:101]: Preload file at: file:///home/user-j/init.lua/lua/theprimeagen/lazy/snippets.lua , size = 0.975 KB
[22:48:09.140][info] [#0:script/workspace/loading.lua:101]: Preload file at: file:///home/user-j/init.lua/lua/theprimeagen/lazy/telescope.lua , size = 0.897 KB
[22:48:09.141][info] [#0:script/workspace/loading.lua:101]: Preload file at: file:///home/user-j/init.lua/lua/theprimeagen/lazy/treesitter.lua , size = 1.725 KB
[22:48:09.141][info] [#0:script/workspace/loading.lua:101]: Preload file at: file:///home/user-j/init.lua/lua/theprimeagen/lazy/trouble.lua , size = 0.575 KB
[22:48:09.142][info] [#0:script/workspace/loading.lua:101]: Preload file at: file:///home/user-j/init.lua/lua/theprimeagen/lazy/undotree.lua , size = 0.132 KB
[22:48:09.144][info] [#0:script/workspace/loading.lua:101]: Preload file at: file:///home/user-j/init.lua/lua/theprimeagen/lazy/vimbegood.lua , size = 0.136 KB
[22:48:09.144][info] [#0:script/workspace/loading.lua:101]: Preload file at: file:///home/user-j/init.lua/lua/theprimeagen/lazy/zenmode.lua , size = 0.888 KB
[22:48:09.146][info] [#0:script/workspace/loading.lua:101]: Preload file at: file:///home/user-j/init.lua/lua/theprimeagen/lazy_init.lua , size = 0.407 KB
[22:48:09.147][info] [#0:script/workspace/loading.lua:101]: Preload file at: file:///home/user-j/init.lua/lua/theprimeagen/remap.lua , size = 1.771 KB
[22:48:09.148][info] [#0:script/workspace/loading.lua:101]: Preload file at: file:///home/user-j/init.lua/lua/theprimeagen/set.lua , size = 0.545 KB
[22:48:09.148][info] [#0:script/workspace/loading.lua:173]: Loaded files takes [0.016] sec: file:///home/user-j/init.lua
[22:48:09.148][info] [#0:script/workspace/loading.lua:182]: Compile files takes [0.000] sec: file:///home/user-j/init.lua
[22:48:09.148][info] [#0:script/workspace/loading.lua:183]: Loaded finish:	file:///home/user-j/init.lua
[22:48:09.148][info] [#0:script/workspace/workspace.lua:381]: Preload finish at:	file:///home/user-j/init.lua
[22:48:09.151][info] [#0:script/provider/diagnostic.lua:560]: Diagnostics scope [file:///home/user-j/init.lua], files count:[30]
[22:48:12.356][info] [#0:script/provider/diagnostic.lua:577]: Diagnostics scope [file:///home/user-j/init.lua] finished, takes [0.463] sec.
[22:58:08.755][info] [#0:script/service/service.lua:145]: 
========= Medical Examination Report =========
    --------------- Memory ---------------
        Total: 8.977 MB
        # 00 : 8.636 MB
        # 01 : 0.097 MB
        # 02 : 0.053 MB
        # 03 : 0.053 MB
        # 04 : 0.138 MB
    --------------- Coroutine ---------------
        Total:     23
        Running:   0
        Suspended: 0
        Normal:    0
        Dead:      23
    --------------- Cache ---------------
        Total: 1
        Dead:  0
    ---------------  RPC  ---------------
        Holdon:   0
        Waiting:  0
==============================================
[23:08:08.756][info] [#0:script/service/service.lua:145]: 
========= Medical Examination Report =========
    --------------- Memory ---------------
        Total: 9.725 MB
        # 00 : 9.384 MB
        # 01 : 0.097 MB
        # 02 : 0.053 MB
        # 03 : 0.053 MB
        # 04 : 0.138 MB
    --------------- Coroutine ---------------
        Total:     23
        Running:   0
        Suspended: 0
        Normal:    0
        Dead:      23
    --------------- Cache ---------------
        Total: 1
        Dead:  0
    ---------------  RPC  ---------------
        Holdon:   0
        Waiting:  0
==============================================
[23:18:08.833][info] [#0:script/service/service.lua:145]: 
========= Medical Examination Report =========
    --------------- Memory ---------------
        Total: 10.484 MB
        # 00 : 10.143 MB
        # 01 : 0.097 MB
        # 02 : 0.053 MB
        # 03 : 0.053 MB
        # 04 : 0.138 MB
    --------------- Coroutine ---------------
        Total:     23
        Running:   0
        Suspended: 0
        Normal:    0
        Dead:      23
    --------------- Cache ---------------
        Total: 1
        Dead:  0
    ---------------  RPC  ---------------
        Holdon:   0
        Waiting:  0
==============================================
[23:28:09.202][info] [#0:script/service/service.lua:145]: 
========= Medical Examination Report =========
    --------------- Memory ---------------
        Total: 11.234 MB
        # 00 : 10.893 MB
        # 01 : 0.097 MB
        # 02 : 0.053 MB
        # 03 : 0.053 MB
        # 04 : 0.138 MB
    --------------- Coroutine ---------------
        Total:     23
        Running:   0
        Suspended: 0
        Normal:    0
        Dead:      23
    --------------- Cache ---------------
        Total: 1
        Dead:  0
    ---------------  RPC  ---------------
        Holdon:   0
        Waiting:  0
==============================================
[23:38:09.533][info] [#0:script/service/service.lua:145]: 
========= Medical Examination Report =========
    --------------- Memory ---------------
        Total: 11.985 MB
        # 00 : 11.644 MB
        # 01 : 0.097 MB
        # 02 : 0.053 MB
        # 03 : 0.053 MB
        # 04 : 0.138 MB
    --------------- Coroutine ---------------
        Total:     23
        Running:   0
        Suspended: 0
        Normal:    0
        Dead:      23
    --------------- Cache ---------------
        Total: 1
        Dead:  0
    ---------------  RPC  ---------------
        Holdon:   0
        Waiting:  0
==============================================
[23:48:09.547][info] [#0:script/service/service.lua:145]: 
========= Medical Examination Report =========
    --------------- Memory ---------------
        Total: 12.734 MB
        # 00 : 12.393 MB
        # 01 : 0.097 MB
        # 02 : 0.053 MB
        # 03 : 0.053 MB
        # 04 : 0.138 MB
    --------------- Coroutine ---------------
        Total:     23
        Running:   0
        Suspended: 0
        Normal:    0
        Dead:      23
    --------------- Cache ---------------
        Total: 1
        Dead:  0
    ---------------  RPC  ---------------
        Holdon:   0
        Waiting:  0
==============================================
[23:58:09.628][info] [#0:script/service/service.lua:145]: 
========= Medical Examination Report =========
    --------------- Memory ---------------
        Total: 13.487 MB
        # 00 : 13.146 MB
        # 01 : 0.097 MB
        # 02 : 0.053 MB
        # 03 : 0.053 MB
        # 04 : 0.138 MB
    --------------- Coroutine ---------------
        Total:     23
        Running:   0
        Suspended: 0
        Normal:    0
        Dead:      23
    --------------- Cache ---------------
        Total: 1
        Dead:  0
    ---------------  RPC  ---------------
        Holdon:   0
        Waiting:  0
==============================================
[00:08:11.028][info] [#0:script/service/service.lua:145]: 
========= Medical Examination Report =========
    --------------- Memory ---------------
        Total: 7.455 MB
        # 00 : 7.114 MB
        # 01 : 0.097 MB
        # 02 : 0.053 MB
        # 03 : 0.053 MB
        # 04 : 0.138 MB
    --------------- Coroutine ---------------
        Total:     0
        Running:   0
        Suspended: 0
        Normal:    0
        Dead:      0
    --------------- Cache ---------------
        Total: 1
        Dead:  0
    ---------------  RPC  ---------------
        Holdon:   0
        Waiting:  0
==============================================
[00:18:11.118][info] [#0:script/service/service.lua:145]: 
========= Medical Examination Report =========
    --------------- Memory ---------------
        Total: 7.516 MB
        # 00 : 7.175 MB
        # 01 : 0.097 MB
        # 02 : 0.053 MB
        # 03 : 0.053 MB
        # 04 : 0.138 MB
    --------------- Coroutine ---------------
        Total:     0
        Running:   0
        Suspended: 0
        Normal:    0
        Dead:      0
    --------------- Cache ---------------
        Total: 1
        Dead:  0
    ---------------  RPC  ---------------
        Holdon:   0
        Waiting:  0
==============================================
[00:28:11.642][info] [#0:script/service/service.lua:145]: 
========= Medical Examination Report =========
    --------------- Memory ---------------
        Total: 7.587 MB
        # 00 : 7.246 MB
        # 01 : 0.097 MB
        # 02 : 0.053 MB
        # 03 : 0.053 MB
        # 04 : 0.138 MB
    --------------- Coroutine ---------------
        Total:     0
        Running:   0
        Suspended: 0
        Normal:    0
        Dead:      0
    --------------- Cache ---------------
        Total: 1
        Dead:  0
    ---------------  RPC  ---------------
        Holdon:   0
        Waiting:  0
==============================================
[00:38:12.512][info] [#0:script/service/service.lua:145]: 
========= Medical Examination Report =========
    --------------- Memory ---------------
        Total: 7.644 MB
        # 00 : 7.303 MB
        # 01 : 0.097 MB
        # 02 : 0.053 MB
        # 03 : 0.053 MB
        # 04 : 0.138 MB
    --------------- Coroutine ---------------
        Total:     0
        Running:   0
        Suspended: 0
        Normal:    0
        Dead:      0
    --------------- Cache ---------------
        Total: 1
        Dead:  0
    ---------------  RPC  ---------------
        Holdon:   0
        Waiting:  0
==============================================
[00:48:13.849][info] [#0:script/service/service.lua:145]: 
========= Medical Examination Report =========
    --------------- Memory ---------------
        Total: 7.702 MB
        # 00 : 7.361 MB
        # 01 : 0.097 MB
        # 02 : 0.053 MB
        # 03 : 0.053 MB
        # 04 : 0.138 MB
    --------------- Coroutine ---------------
        Total:     0
        Running:   0
        Suspended: 0
        Normal:    0
        Dead:      0
    --------------- Cache ---------------
        Total: 1
        Dead:  0
    ---------------  RPC  ---------------
        Holdon:   0
        Waiting:  0
==============================================
[00:58:14.834][info] [#0:script/service/service.lua:145]: 
========= Medical Examination Report =========
    --------------- Memory ---------------
        Total: 7.769 MB
        # 00 : 7.428 MB
        # 01 : 0.097 MB
        # 02 : 0.053 MB
        # 03 : 0.053 MB
        # 04 : 0.138 MB
    --------------- Coroutine ---------------
        Total:     0
        Running:   0
        Suspended: 0
        Normal:    0
        Dead:      0
    --------------- Cache ---------------
        Total: 1
        Dead:  0
    ---------------  RPC  ---------------
        Holdon:   0
        Waiting:  0
==============================================
[01:08:14.846][info] [#0:script/service/service.lua:145]: 
========= Medical Examination Report =========
    --------------- Memory ---------------
        Total: 7.824 MB
        # 00 : 7.483 MB
        # 01 : 0.097 MB
        # 02 : 0.053 MB
        # 03 : 0.053 MB
        # 04 : 0.138 MB
    --------------- Coroutine ---------------
        Total:     0
        Running:   0
        Suspended: 0
        Normal:    0
        Dead:      0
    --------------- Cache ---------------
        Total: 1
        Dead:  0
    ---------------  RPC  ---------------
        Holdon:   0
        Waiting:  0
==============================================
[01:15:32.274][info] [#0:script/provider/diagnostic.lua:171]: clearDiagnostics	file:///home/user-j/init.lua/lua/theprimeagen/lazy/local.lua
[01:18:15.402][info] [#0:script/service/service.lua:145]: 
========= Medical Examination Report =========
    --------------- Memory ---------------
        Total: 8.399 MB
        # 00 : 8.058 MB
        # 01 : 0.097 MB
        # 02 : 0.053 MB
        # 03 : 0.053 MB
        # 04 : 0.138 MB
    --------------- Coroutine ---------------
        Total:     4
        Running:   0
        Suspended: 0
        Normal:    0
        Dead:      4
    --------------- Cache ---------------
        Total: 3
        Dead:  2
    ---------------  RPC  ---------------
        Holdon:   0
        Waiting:  0
==============================================
[01:28:15.410][info] [#0:script/service/service.lua:145]: 
========= Medical Examination Report =========
    --------------- Memory ---------------
        Total: 8.406 MB
        # 00 : 8.065 MB
        # 01 : 0.097 MB
        # 02 : 0.053 MB
        # 03 : 0.053 MB
        # 04 : 0.138 MB
    --------------- Coroutine ---------------
        Total:     1
        Running:   0
        Suspended: 0
        Normal:    0
        Dead:      1
    --------------- Cache ---------------
        Total: 3
        Dead:  2
    ---------------  RPC  ---------------
        Holdon:   0
        Waiting:  0
==============================================
[01:38:15.521][info] [#0:script/service/service.lua:145]: 
========= Medical Examination Report =========
    --------------- Memory ---------------
        Total: 8.418 MB
        # 00 : 8.076 MB
        # 01 : 0.097 MB
        # 02 : 0.053 MB
        # 03 : 0.053 MB
        # 04 : 0.138 MB
    --------------- Coroutine ---------------
        Total:     1
        Running:   0
        Suspended: 0
        Normal:    0
        Dead:      1
    --------------- Cache ---------------
        Total: 3
        Dead:  2
    ---------------  RPC  ---------------
        Holdon:   0
        Waiting:  0
==============================================
[01:48:15.547][info] [#0:script/service/service.lua:145]: 
========= Medical Examination Report =========
    --------------- Memory ---------------
        Total: 8.429 MB
        # 00 : 8.088 MB
        # 01 : 0.097 MB
        # 02 : 0.053 MB
        # 03 : 0.053 MB
        # 04 : 0.138 MB
    --------------- Coroutine ---------------
        Total:     1
        Running:   0
        Suspended: 0
        Normal:    0
        Dead:      1
    --------------- Cache ---------------
        Total: 3
        Dead:  2
    ---------------  RPC  ---------------
        Holdon:   0
        Waiting:  0
==============================================
[01:58:15.619][info] [#0:script/service/service.lua:145]: 
========= Medical Examination Report =========
    --------------- Memory ---------------
        Total: 8.439 MB
        # 00 : 8.098 MB
        # 01 : 0.097 MB
        # 02 : 0.053 MB
        # 03 : 0.053 MB
        # 04 : 0.138 MB
    --------------- Coroutine ---------------
        Total:     1
        Running:   0
        Suspended: 0
        Normal:    0
        Dead:      1
    --------------- Cache ---------------
        Total: 3
        Dead:  2
    ---------------  RPC  ---------------
        Holdon:   0
        Waiting:  0
==============================================
[02:08:16.577][info] [#0:script/service/service.lua:145]: 
========= Medical Examination Report =========
    --------------- Memory ---------------
        Total: 8.435 MB
        # 00 : 8.094 MB
        # 01 : 0.097 MB
        # 02 : 0.053 MB
        # 03 : 0.053 MB
        # 04 : 0.138 MB
    --------------- Coroutine ---------------
        Total:     1
        Running:   0
        Suspended: 0
        Normal:    0
        Dead:      1
    --------------- Cache ---------------
        Total: 3
        Dead:  2
    ---------------  RPC  ---------------
        Holdon:   0
        Waiting:  0
==============================================
[02:18:16.676][info] [#0:script/service/service.lua:145]: 
========= Medical Examination Report =========
    --------------- Memory ---------------
        Total: 8.443 MB
        # 00 : 8.101 MB
        # 01 : 0.097 MB
        # 02 : 0.053 MB
        # 03 : 0.053 MB
        # 04 : 0.138 MB
    --------------- Coroutine ---------------
        Total:     1
        Running:   0
        Suspended: 0
        Normal:    0
        Dead:      1
    --------------- Cache ---------------
        Total: 3
        Dead:  2
    ---------------  RPC  ---------------
        Holdon:   0
        Waiting:  0
==============================================
[02:28:16.752][info] [#0:script/service/service.lua:145]: 
========= Medical Examination Report =========
    --------------- Memory ---------------
        Total: 8.447 MB
        # 00 : 8.106 MB
        # 01 : 0.097 MB
        # 02 : 0.053 MB
        # 03 : 0.053 MB
        # 04 : 0.138 MB
    --------------- Coroutine ---------------
        Total:     1
        Running:   0
        Suspended: 0
        Normal:    0
        Dead:      1
    --------------- Cache ---------------
        Total: 3
        Dead:  2
    ---------------  RPC  ---------------
        Holdon:   0
        Waiting:  0
==============================================
[02:38:16.850][info] [#0:script/service/service.lua:145]: 
========= Medical Examination Report =========
    --------------- Memory ---------------
        Total: 8.454 MB
        # 00 : 8.112 MB
        # 01 : 0.097 MB
        # 02 : 0.053 MB
        # 03 : 0.053 MB
        # 04 : 0.138 MB
    --------------- Coroutine ---------------
        Total:     1
        Running:   0
        Suspended: 0
        Normal:    0
        Dead:      1
    --------------- Cache ---------------
        Total: 3
        Dead:  2
    ---------------  RPC  ---------------
        Holdon:   0
        Waiting:  0
==============================================
[02:48:16.914][info] [#0:script/service/service.lua:145]: 
========= Medical Examination Report =========
    --------------- Memory ---------------
        Total: 8.452 MB
        # 00 : 8.111 MB
        # 01 : 0.097 MB
        # 02 : 0.053 MB
        # 03 : 0.053 MB
        # 04 : 0.138 MB
    --------------- Coroutine ---------------
        Total:     1
        Running:   0
        Suspended: 0
        Normal:    0
        Dead:      1
    --------------- Cache ---------------
        Total: 3
        Dead:  2
    ---------------  RPC  ---------------
        Holdon:   0
        Waiting:  0
==============================================
[02:58:17.190][info] [#0:script/service/service.lua:145]: 
========= Medical Examination Report =========
    --------------- Memory ---------------
        Total: 8.456 MB
        # 00 : 8.115 MB
        # 01 : 0.097 MB
        # 02 : 0.053 MB
        # 03 : 0.053 MB
        # 04 : 0.138 MB
    --------------- Coroutine ---------------
        Total:     1
        Running:   0
        Suspended: 0
        Normal:    0
        Dead:      1
    --------------- Cache ---------------
        Total: 3
        Dead:  2
    ---------------  RPC  ---------------
        Holdon:   0
        Waiting:  0
==============================================
[03:08:17.568][info] [#0:script/service/service.lua:145]: 
========= Medical Examination Report =========
    --------------- Memory ---------------
        Total: 8.459 MB
        # 00 : 8.118 MB
        # 01 : 0.097 MB
        # 02 : 0.053 MB
        # 03 : 0.053 MB
        # 04 : 0.138 MB
    --------------- Coroutine ---------------
        Total:     1
        Running:   0
        Suspended: 0
        Normal:    0
        Dead:      1
    --------------- Cache ---------------
        Total: 3
        Dead:  2
    ---------------  RPC  ---------------
        Holdon:   0
        Waiting:  0
==============================================
[03:18:17.574][info] [#0:script/service/service.lua:145]: 
========= Medical Examination Report =========
    --------------- Memory ---------------
        Total: 8.462 MB
        # 00 : 8.121 MB
        # 01 : 0.097 MB
        # 02 : 0.053 MB
        # 03 : 0.053 MB
        # 04 : 0.138 MB
    --------------- Coroutine ---------------
        Total:     1
        Running:   0
        Suspended: 0
        Normal:    0
        Dead:      1
    --------------- Cache ---------------
        Total: 3
        Dead:  2
    ---------------  RPC  ---------------
        Holdon:   0
        Waiting:  0
==============================================
[03:28:17.661][info] [#0:script/service/service.lua:145]: 
========= Medical Examination Report =========
    --------------- Memory ---------------
        Total: 8.463 MB
        # 00 : 8.122 MB
        # 01 : 0.097 MB
        # 02 : 0.053 MB
        # 03 : 0.053 MB
        # 04 : 0.138 MB
    --------------- Coroutine ---------------
        Total:     1
        Running:   0
        Suspended: 0
        Normal:    0
        Dead:      1
    --------------- Cache ---------------
        Total: 3
        Dead:  2
    ---------------  RPC  ---------------
        Holdon:   0
        Waiting:  0
==============================================
